04/26/2022 14:24:48 - INFO - root -   Loading model:
BertTokenClassifier(bert_model='scibert-scivocab-cased',
                    gradient_accumulation_steps=2, ignore_label=['O'],
                    label_list=['O', 'long', 'short'], learning_rate=0.0001,
                    max_seq_length=272, train_batch_size=8)
04/26/2022 14:24:49 - INFO - bert_sklearn.model.pytorch_pretrained.file_utils -   https://s3-us-west-2.amazonaws.com/ai2-s2-research/scibert/pytorch_models/scibert_scivocab_cased.tar not found in cache, downloading to /tmp/tmptmrnmp19
04/26/2022 14:25:35 - INFO - bert_sklearn.model.pytorch_pretrained.file_utils -   copying /tmp/tmptmrnmp19 to cache at /home/isgeorgiev/.cache/torch/pytorch_pretrained_bert/97faa982a7622df6a24749b4433defe79d67f33fe93759ff23416ab0b6e139d9.33f020f8acb2b822e2dc2f8c16cb8a2aa2c62ba7ac2d21b555f1543691701ead
04/26/2022 14:25:35 - INFO - bert_sklearn.model.pytorch_pretrained.file_utils -   creating metadata file for /home/isgeorgiev/.cache/torch/pytorch_pretrained_bert/97faa982a7622df6a24749b4433defe79d67f33fe93759ff23416ab0b6e139d9.33f020f8acb2b822e2dc2f8c16cb8a2aa2c62ba7ac2d21b555f1543691701ead
04/26/2022 14:25:35 - INFO - bert_sklearn.model.pytorch_pretrained.file_utils -   removing temp file /tmp/tmptmrnmp19
04/26/2022 14:25:35 - INFO - bert_sklearn.model.pytorch_pretrained.tokenization -   extracting archive file /home/isgeorgiev/.cache/torch/pytorch_pretrained_bert/97faa982a7622df6a24749b4433defe79d67f33fe93759ff23416ab0b6e139d9.33f020f8acb2b822e2dc2f8c16cb8a2aa2c62ba7ac2d21b555f1543691701ead to temp dir /tmp/tmpuvsulxh6
04/26/2022 14:25:39 - INFO - bert_sklearn.model.pytorch_pretrained.tokenization -   loading vocabulary file https://s3-us-west-2.amazonaws.com/ai2-s2-research/scibert/pytorch_models/scibert_scivocab_cased.tar from cache at /tmp/tmpuvsulxh6/scibert_scivocab_cased/vocab.txt
04/26/2022 14:25:40 - INFO - bert_sklearn.model.pytorch_pretrained.file_utils -   https://s3-us-west-2.amazonaws.com/ai2-s2-research/scibert/pytorch_models/scibert_scivocab_cased.tar not found in cache, downloading to /tmp/tmp47jrr0qy
04/26/2022 14:31:19 - INFO - bert_sklearn.model.pytorch_pretrained.file_utils -   copying /tmp/tmp47jrr0qy to cache at /home/isgeorgiev/.cache/torch/pytorch_pretrained_bert/distributed_-1/97faa982a7622df6a24749b4433defe79d67f33fe93759ff23416ab0b6e139d9.33f020f8acb2b822e2dc2f8c16cb8a2aa2c62ba7ac2d21b555f1543691701ead
04/26/2022 14:31:19 - INFO - bert_sklearn.model.pytorch_pretrained.file_utils -   creating metadata file for /home/isgeorgiev/.cache/torch/pytorch_pretrained_bert/distributed_-1/97faa982a7622df6a24749b4433defe79d67f33fe93759ff23416ab0b6e139d9.33f020f8acb2b822e2dc2f8c16cb8a2aa2c62ba7ac2d21b555f1543691701ead
04/26/2022 14:31:19 - INFO - bert_sklearn.model.pytorch_pretrained.file_utils -   removing temp file /tmp/tmp47jrr0qy
04/26/2022 14:31:19 - INFO - bert_sklearn.model.pytorch_pretrained.modeling -   extracting archive file /home/isgeorgiev/.cache/torch/pytorch_pretrained_bert/distributed_-1/97faa982a7622df6a24749b4433defe79d67f33fe93759ff23416ab0b6e139d9.33f020f8acb2b822e2dc2f8c16cb8a2aa2c62ba7ac2d21b555f1543691701ead to temp dir /tmp/tmp_cnsgabs
04/26/2022 14:41:55 - INFO - root -   Loading model:
BertTokenClassifier(bert_model='scibert-scivocab-cased',
                    gradient_accumulation_steps=2, ignore_label=['O'],
                    label_list=['O', 'long', 'short'], learning_rate=0.0001,
                    max_seq_length=272, train_batch_size=8)
04/26/2022 14:41:56 - INFO - bert_sklearn.model.pytorch_pretrained.tokenization -   extracting archive file /home/isgeorgiev/.cache/torch/pytorch_pretrained_bert/97faa982a7622df6a24749b4433defe79d67f33fe93759ff23416ab0b6e139d9.33f020f8acb2b822e2dc2f8c16cb8a2aa2c62ba7ac2d21b555f1543691701ead to temp dir /tmp/tmpddtf3i5z
04/26/2022 14:41:59 - INFO - bert_sklearn.model.pytorch_pretrained.tokenization -   loading vocabulary file https://s3-us-west-2.amazonaws.com/ai2-s2-research/scibert/pytorch_models/scibert_scivocab_cased.tar from cache at /tmp/tmpddtf3i5z/scibert_scivocab_cased/vocab.txt
04/26/2022 14:42:00 - INFO - bert_sklearn.model.pytorch_pretrained.modeling -   extracting archive file /home/isgeorgiev/.cache/torch/pytorch_pretrained_bert/distributed_-1/97faa982a7622df6a24749b4433defe79d67f33fe93759ff23416ab0b6e139d9.33f020f8acb2b822e2dc2f8c16cb8a2aa2c62ba7ac2d21b555f1543691701ead to temp dir /tmp/tmp4fpo8pxy
04/26/2022 14:57:12 - INFO - root -   Loading model:
BertTokenClassifier(bert_model='scibert-scivocab-cased',
                    gradient_accumulation_steps=2, ignore_label=['O'],
                    label_list=['O', 'long', 'short'], learning_rate=0.0001,
                    max_seq_length=272, train_batch_size=8)
04/26/2022 14:57:13 - INFO - bert_sklearn.model.pytorch_pretrained.tokenization -   extracting archive file /home/isgeorgiev/.cache/torch/pytorch_pretrained_bert/97faa982a7622df6a24749b4433defe79d67f33fe93759ff23416ab0b6e139d9.33f020f8acb2b822e2dc2f8c16cb8a2aa2c62ba7ac2d21b555f1543691701ead to temp dir /tmp/tmp9b2c1yt9
04/26/2022 14:57:17 - INFO - bert_sklearn.model.pytorch_pretrained.tokenization -   loading vocabulary file https://s3-us-west-2.amazonaws.com/ai2-s2-research/scibert/pytorch_models/scibert_scivocab_cased.tar from cache at /tmp/tmp9b2c1yt9/scibert_scivocab_cased/vocab.txt
04/26/2022 14:57:17 - INFO - bert_sklearn.model.pytorch_pretrained.modeling -   extracting archive file /home/isgeorgiev/.cache/torch/pytorch_pretrained_bert/distributed_-1/97faa982a7622df6a24749b4433defe79d67f33fe93759ff23416ab0b6e139d9.33f020f8acb2b822e2dc2f8c16cb8a2aa2c62ba7ac2d21b555f1543691701ead to temp dir /tmp/tmpnihwmu02
04/26/2022 15:53:20 - INFO - root -   Loading model:
BertTokenClassifier(bert_model='scibert-scivocab-cased',
                    gradient_accumulation_steps=2, ignore_label=['O'],
                    label_list=['O', 'long', 'short'], learning_rate=0.0001,
                    max_seq_length=272, train_batch_size=8)
04/26/2022 15:53:21 - INFO - bert_sklearn.model.pytorch_pretrained.tokenization -   extracting archive file /home/isgeorgiev/.cache/torch/pytorch_pretrained_bert/97faa982a7622df6a24749b4433defe79d67f33fe93759ff23416ab0b6e139d9.33f020f8acb2b822e2dc2f8c16cb8a2aa2c62ba7ac2d21b555f1543691701ead to temp dir /tmp/tmp5dux8grr
04/26/2022 15:53:25 - INFO - bert_sklearn.model.pytorch_pretrained.tokenization -   loading vocabulary file https://s3-us-west-2.amazonaws.com/ai2-s2-research/scibert/pytorch_models/scibert_scivocab_cased.tar from cache at /tmp/tmp5dux8grr/scibert_scivocab_cased/vocab.txt
04/26/2022 15:53:26 - INFO - bert_sklearn.model.pytorch_pretrained.modeling -   extracting archive file /home/isgeorgiev/.cache/torch/pytorch_pretrained_bert/distributed_-1/97faa982a7622df6a24749b4433defe79d67f33fe93759ff23416ab0b6e139d9.33f020f8acb2b822e2dc2f8c16cb8a2aa2c62ba7ac2d21b555f1543691701ead to temp dir /tmp/tmpl4lqtpji
